[2019-07-15 17:15:44.263] [exthost1] [info] extension host started
[2019-07-15 17:15:44.504] [exthost1] [info] ExtensionService#_doActivateExtension vscode.emmet {"startup":true,"activationEvent":"*"}
[2019-07-15 17:15:44.508] [exthost1] [info] ExtensionService#loadCommonJSModule c:\Users\it-stoc\.codemix\engine\resources\app\extensions\emmet\out\extension
[2019-07-15 17:15:47.611] [exthost1] [info] ExtensionService#_doActivateExtension vscode.git {"startup":true,"activationEvent":"*"}
[2019-07-15 17:15:47.612] [exthost1] [info] ExtensionService#loadCommonJSModule c:\Users\it-stoc\.codemix\engine\resources\app\extensions\git\out\main
[2019-07-15 17:15:55.644] [exthost1] [info] ExtensionService#_doActivateExtension vscode.merge-conflict {"startup":true,"activationEvent":"*"}
[2019-07-15 17:15:55.644] [exthost1] [info] ExtensionService#loadCommonJSModule c:\Users\it-stoc\.codemix\engine\resources\app\extensions\merge-conflict\out\extension
[2019-07-15 17:15:55.771] [exthost1] [info] ExtensionService#_doActivateExtension vscode.search-rg {"startup":true,"activationEvent":"*"}
[2019-07-15 17:15:55.771] [exthost1] [info] ExtensionService#loadCommonJSModule c:\Users\it-stoc\.codemix\engine\resources\app\extensions\search-rg\out\extension
[2019-07-15 17:15:55.969] [exthost1] [info] ExtensionService#_doActivateExtension HookyQR.beautify {"startup":true,"activationEvent":"*"}
[2019-07-15 17:15:55.969] [exthost1] [info] ExtensionService#loadCommonJSModule C:\Users\it-stoc\.vscode\extensions\HookyQR.beautify-1.3.0\extension
[2019-07-15 17:15:56.745] [exthost1] [info] ExtensionService#_doActivateExtension Zignd.html-css-class-completion {"startup":true,"activationEvent":"*"}
[2019-07-15 17:15:56.745] [exthost1] [info] ExtensionService#loadCommonJSModule C:\Users\it-stoc\.vscode\extensions\Zignd.html-css-class-completion-1.17.1\out\src\extension
[2019-07-15 17:16:02.312] [exthost1] [info] ExtensionService#_doActivateExtension christian-kohler.path-intellisense {"startup":true,"activationEvent":"*"}
[2019-07-15 17:16:02.312] [exthost1] [info] ExtensionService#loadCommonJSModule C:\Users\it-stoc\.vscode\extensions\christian-kohler.path-intellisense-1.4.2\out\src\extension
[2019-07-15 17:16:02.423] [exthost1] [info] ExtensionService#_doActivateExtension dbaeumer.vscode-eslint {"startup":true,"activationEvent":"*"}
[2019-07-15 17:16:02.423] [exthost1] [info] ExtensionService#loadCommonJSModule C:\Users\it-stoc\.vscode\extensions\dbaeumer.vscode-eslint-1.4.10\client\out\extension
[2019-07-15 17:16:02.822] [exthost1] [info] ExtensionService#_doActivateExtension formulahendry.auto-close-tag {"startup":true,"activationEvent":"*"}
[2019-07-15 17:16:02.822] [exthost1] [info] ExtensionService#loadCommonJSModule C:\Users\it-stoc\.vscode\extensions\formulahendry.auto-close-tag-0.5.6\out\src\extension
[2019-07-15 17:16:02.880] [exthost1] [info] eager extensions activated
[2019-07-15 17:16:02.880] [exthost1] [info] ExtensionService#_doActivateExtension vscode.configuration-editing {"startup":false,"activationEvent":"onLanguage:jsonc"}
[2019-07-15 17:16:02.880] [exthost1] [info] ExtensionService#loadCommonJSModule c:\Users\it-stoc\.codemix\engine\resources\app\extensions\configuration-editing\out\extension
[2019-07-15 17:16:03.158] [exthost1] [info] ExtensionService#_doActivateExtension vscode.json-language-features {"startup":false,"activationEvent":"onLanguage:jsonc"}
[2019-07-15 17:16:03.158] [exthost1] [info] ExtensionService#loadCommonJSModule c:\Users\it-stoc\.codemix\engine\resources\app\extensions\json-language-features\client\out\jsonMain
